.
./bitrix/stack_cache/MYSQL/currency_currency_lang/06/06e86a31a9acbf1f2b244a314b769dc6.php
./bitrix/modules/updater.log
./bitrix/managed_cache/MYSQL/b_vote_channel/ea/ea545ae339b8172befc5456097d110f2.php
./bitrix/managed_cache/MYSQL/1d/1dfcfb9cd85f9e66fd4498aa2f484704.php
./bitrix/managed_cache/MYSQL/27/27850a3654870e28053dd5b6d2051c3e.php
./bitrix/managed_cache/MYSQL/d6/d63046ac9d69cd1b88121c64e33c8aba.php
./bitrix/managed_cache/MYSQL/orm_b_task_operation/62/6255681d8276b91cb977460b9ab0662f.php
./bitrix/managed_cache/MYSQL/orm_b_task_operation/c3/c331607f5950228b1c5f253c9024810b.php
./bitrix/managed_cache/MYSQL/orm_b_task_operation/bc/bcee59886253f036169fd9859baf73e4.php
./bitrix/managed_cache/MYSQL/orm_b_task_operation/48/48c317f567010c9400780516df4f99b7.php
./bitrix/managed_cache/MYSQL/orm_b_task_operation/fa/fae665fc02d7bdabfe81a52c34976ac6.php
./bitrix/managed_cache/MYSQL/orm_b_task_operation/e4/e45c895aba2dcc375759c953a5bfcd1d.php
./bitrix/managed_cache/MYSQL/orm_b_task_operation/85/85226c162525cf0a6d4c88cc900fbf06.php
./bitrix/managed_cache/MYSQL/orm_b_task_operation/20/20398b6231a4fa59dc1e24789219389f.php
./bitrix/managed_cache/MYSQL/orm_b_task_operation/bb/bb3b7d79bd5b8029cec2a64bedc58f0e.php
./bitrix/managed_cache/MYSQL/orm_b_culture/83/8321c93059cccb2f8ebc0e0d169c8b8d.php
./bitrix/managed_cache/MYSQL/orm_b_language/22/2284d30052303c5db383ea841dc253cc.php
./bitrix/managed_cache/MYSQL/access_codes/ec/eca380947aa83b89ebfde8658c6bb7b6.php
./bitrix/managed_cache/MYSQL/b_option/63/630f0a8b5d91ecfe9d75bdb56a50e097.php
./bitrix/managed_cache/MYSQL/b_option/f3/f3dbd89793a3538056e89c3a43664131.php
./bitrix/managed_cache/MYSQL/b_option/e6/e69b462580b3cd8550c28eb99ac27172.php
./bitrix/managed_cache/MYSQL/b_option/52/52c483de41f9e2d615974398852ad3db.php
./bitrix/managed_cache/MYSQL/b_option/fd/fd2e8b0ce616293d62aa3ce79a37c20d.php
./bitrix/managed_cache/MYSQL/b_option/50/50e86f69102f2636b841acbcfd284541.php
./bitrix/managed_cache/MYSQL/b_option/d5/d56664d14aae6347529fa48ce21da812.php
./bitrix/managed_cache/MYSQL/b_option/3c/3c8ee2147bbe279da4a6ad00847cf654.php
./bitrix/managed_cache/MYSQL/b_option/84/842ea7d8212267935138284eed21a90b.php
./bitrix/managed_cache/MYSQL/b_option/6b/6b52d662aca4033a55fe297007d1db71.php
./bitrix/managed_cache/MYSQL/b_option/cf/cffd0ec36d62976eb4ba85730916e95f.php
./bitrix/managed_cache/MYSQL/b_option/2b/2bd3c94c15518704e41b0c8f9d018468.php
./bitrix/managed_cache/MYSQL/b_option/eb/eb4318ab5b7c289d3293ebf00c61cbae.php
./bitrix/managed_cache/MYSQL/b_option/f7/f7eed13788185df2bf070bfbc9a10322.php
./bitrix/managed_cache/MYSQL/b_option/13/13f603a9b5480f67b06d91ee6b6490d8.php
./bitrix/managed_cache/MYSQL/b_option/cd/cdf031e2806d4c2043a89e92415dbbd6.php
./bitrix/managed_cache/MYSQL/b_option/23/23c1c7011fec1b47024f90c7d02efc0a.php
./bitrix/managed_cache/MYSQL/b_option/dd/dd85da24e18f5c034a9bda482c8dd819.php
./bitrix/managed_cache/MYSQL/b_option/dd/dd7a69ea806a5967b0b29bf6c61c64c7.php
./bitrix/managed_cache/MYSQL/b_option/2e/2e253c685b7c7d024ea4df067c3f9d7a.php
./bitrix/managed_cache/MYSQL/b_option/05/05039c396ee4176d523cf59a95c69194.php
./bitrix/managed_cache/MYSQL/b_option/26/269b25da6fc1da8ade59580173327ac4.php
./bitrix/managed_cache/MYSQL/b_option/31/31206e324d75a93c7438d2cdfd11ba40.php
./bitrix/managed_cache/MYSQL/b_option/3e/3e285e4367339396123d9499ad73f4e3.php
./bitrix/managed_cache/MYSQL/b_option/3d/3d0d212c3f33a5448c416c794a79fdc0.php
./bitrix/managed_cache/MYSQL/b_option/1e/1e306f6422c7ca59d42adf947435b90b.php
./bitrix/managed_cache/MYSQL/b_option/6f/6f7a4dd1eb5da0f11a25e38c162adc0a.php
./bitrix/managed_cache/MYSQL/b_option/66/663c0b1ce5c397ac48c08a6b010307f6.php
./bitrix/managed_cache/MYSQL/b_option/3f/3fba4c7a7a4b459a24700b020fdae02b.php
./bitrix/managed_cache/MYSQL/b_option/db/db36a97d4c585d6300cfa393bb0d29db.php
./bitrix/managed_cache/MYSQL/b_option/16/16de0975485ccb24f272fa0deb2401a3.php
./bitrix/managed_cache/MYSQL/b_option/18/1824be591b714045987241a2c5b9ad90.php
./bitrix/managed_cache/MYSQL/b_option/a0/a0ca58f94e1de8887f599f0cf534e475.php
./bitrix/managed_cache/MYSQL/b_option/a3/a3a3aab7dd1920fefc85eba3261f30c7.php
./bitrix/managed_cache/MYSQL/agents/df/df172012ca59e327a51e5e5d2e4478ff.php
./bitrix/managed_cache/MYSQL/menu/bc/bc2e3e46ad323453cea9a30aa9cfb158.php
./bitrix/managed_cache/MYSQL/b_undo/93/93fdaf120b956df667dd824260d9d05f.php
./bitrix/managed_cache/MYSQL/orm_b_task/6a/6af57df15b26612f9a56f8b0b003c4c3.php
./bitrix/managed_cache/MYSQL/orm_b_task/ba/ba3051a4a8a57558049842d568b41914.php
./bitrix/managed_cache/MYSQL/orm_b_user_auth_action/73/73c85e2dffc2cf2ab28a090b3043866b.php
./bitrix/managed_cache/MYSQL/b_module_to_module/fb/fbebca4e0e7b3b5d5031caeb6b93a51f.php
./bitrix/managed_cache/MYSQL/b_catalog_currency/8b/8bee609c70ea3973541eb24e440070f0.php
./bitrix/managed_cache/MYSQL/access_check/a1/a1fe518beafb6b685b049b47d47a4a98.php
./bitrix/managed_cache/MYSQL/access_check/d0/d06286eff6bbce155cecce0ef9317462.php
./bitrix/managed_cache/MYSQL/access_check/91/9152319073d9fb5e85c763087a790dd8.php
./bitrix/managed_cache/MYSQL/b_user_field_enum/5d/5d8572c85aa65b7dba91829a7400c1c3.php
./bitrix/managed_cache/MYSQL/b_user_field_enum/e5/e5f80e628339f391cf4b40541db1fdcc.php
./bitrix/managed_cache/MYSQL/b_user_field_enum/7b/7bc326954b5ec1fac6bc23830617bba8.php
./bitrix/managed_cache/MYSQL/b_user_field_enum/e8/e8273ed381bc04983f6f8d55253d5e71.php
./bitrix/managed_cache/MYSQL/b_lang/87/873202c2404c65d99ea73d27b5cfa2d5.php
./bitrix/managed_cache/MYSQL/b_lang/8a/8a6771cf0faa05bbec84465de484e41d.php
./bitrix/managed_cache/MYSQL/b_lang/4d/4ddd3d008a59ee248a70e8d70e0f258e.php
./bitrix/managed_cache/MYSQL/b_lang/0e/0e3592ea6d70813019b677499f3dec51.php
./bitrix/managed_cache/MYSQL/orm_b_sec_wwall_rules/82/829e168f268d54955d65b868c1387f41.php
./bitrix/managed_cache/MYSQL/orm_b_hlblock_entity/9f/9f4cdf7a0eded167fe0280e5bca2b149.php
./bitrix/managed_cache/MYSQL/user_option/01/0188d3b3a37dc7ecc0c406ecb1ddeb6f.php
./bitrix/managed_cache/MYSQL/user_option/e6/e6de97c4d404954fc411cff4540da30a.php
./bitrix/managed_cache/MYSQL/user_option/44/4467ff579bb3451b2c2dee0d475b4cf9.php
./bitrix/managed_cache/MYSQL/user_option/eb/eb3508c4ba55f931e8c612a0cb61f17c.php
./bitrix/managed_cache/MYSQL/user_option/67/676186d848f3e2c452a086a860975cfa.php
./bitrix/managed_cache/MYSQL/user_option/80/80d0df1c506cfa11d255d489ea901529.php
./bitrix/managed_cache/MYSQL/user_option/e4/e46a7cd1240e5249e769c3b594014c74.php
./bitrix/managed_cache/MYSQL/user_option/b2/b2405e0fd2bec8e8480579e5f5fd3162.php
./bitrix/managed_cache/MYSQL/user_option/bd/bda1eed3dc15287945960c947a0cc6bc.php
./bitrix/managed_cache/MYSQL/user_option/f0/f0fc06318e8ac66f82152783eff5c4d8.php
./bitrix/managed_cache/MYSQL/security/events/49/4950220e4a6334e2e99b5f0eb44e033c.php
./bitrix/managed_cache/MYSQL/b_file/5e/5e76f43f8d612e474ef1aac388aa5790.php
./bitrix/managed_cache/MYSQL/b_file/01/01c46ac71cfd05039adffc500f2a63ab.php
./bitrix/managed_cache/MYSQL/b_file/01/016e888b511f1bbd415120f478e24733.php
./bitrix/managed_cache/MYSQL/b_file/e7/e71acf1da04ccd2bf767206ecaec92c6.php
./bitrix/managed_cache/MYSQL/b_file/1d/1d4d8d17be36e6bf7a6d419aa29c4adf.php
./bitrix/managed_cache/MYSQL/b_file/89/899a03eb91e55fbf3a319fa1b5e783d4.php
./bitrix/managed_cache/MYSQL/b_file/7a/7a79207b3dd93fc8a2f9f24218dde347.php
./bitrix/managed_cache/MYSQL/b_file/6a/6ac32e731a0a0952901567b695b5d9c0.php
./bitrix/managed_cache/MYSQL/b_file/33/336a352c0522ad12abe5c8967d54b0d1.php
./bitrix/managed_cache/MYSQL/b_file/e6/e65700718d55476423045a8a954dde79.php
./bitrix/managed_cache/MYSQL/b_file/4a/4a0df2771f344770266846021ae8ccf7.php
./bitrix/managed_cache/MYSQL/b_file/1c/1c65370eb3b559af623cd955f6be58d7.php
./bitrix/managed_cache/MYSQL/b_file/b9/b968524f4e1c27986761e81ca305b389.php
./bitrix/managed_cache/MYSQL/b_file/7f/7fd0ec4a1f5ba80810814231f65f9347.php
./bitrix/managed_cache/MYSQL/b_file/7f/7fcd9e36235685bd89a65a69d414f463.php
./bitrix/managed_cache/MYSQL/b_file/69/69a5b8ef5ce9278c75e9c368fae41377.php
./bitrix/managed_cache/MYSQL/b_file/69/6954875d12f0772a19cb59c94994cdc1.php
./bitrix/managed_cache/MYSQL/b_file/a8/a8e99625f6f21527d270155f0b788aad.php
./bitrix/managed_cache/MYSQL/b_file/0b/0b5cfbb8c9bdb61316e66c1090177e66.php
./bitrix/managed_cache/MYSQL/b_file/fe/fe200edc598f4b903c0e507c89b74855.php
./bitrix/managed_cache/MYSQL/b_file/fe/fed948f057b14199dd9ffc84814a055f.php
./bitrix/managed_cache/MYSQL/b_file/34/34bcfda48b74ee48805b6d44e4b5e6e7.php
./bitrix/managed_cache/MYSQL/b_file/34/34173dc8b657e429d209f355a3c98984.php
./bitrix/managed_cache/MYSQL/b_file/97/97022bb98c65a74622d8a60740c64514.php
./bitrix/managed_cache/MYSQL/b_file/97/970a60484e56b43b19c034573ac673ad.php
./bitrix/managed_cache/MYSQL/b_file/61/61453eeab4724fc298d24c181ae54e3a.php
./bitrix/managed_cache/MYSQL/b_file/2d/2d2b245c5b456f8ab42375d6bb3c1f96.php
./bitrix/managed_cache/MYSQL/b_file/0f/0f50c620c6fe61a656006c709f6124f2.php
./bitrix/managed_cache/MYSQL/b_file/df/df31cb18281312316cd57e45f6917b5c.php
./bitrix/managed_cache/MYSQL/b_file/5d/5d7b07cfee2a2051634898bcfe151778.php
./bitrix/managed_cache/MYSQL/b_file/45/45389aead98363dd1e12d9c98e6510ee.php
./bitrix/managed_cache/MYSQL/b_file/eb/eb491e5770ddfb001fd7134d7e504609.php
./bitrix/managed_cache/MYSQL/b_file/eb/eb638267fd965d3beedef16fed98211c.php
./bitrix/managed_cache/MYSQL/b_file/81/81c9a5a46546603dafe82994d7af651a.php
./bitrix/managed_cache/MYSQL/b_file/6c/6c785c523e9300c1614b446bf5ca6135.php
./bitrix/managed_cache/MYSQL/b_file/93/9392ba27a91820d5fadca33ceced69e5.php
./bitrix/managed_cache/MYSQL/b_file/f7/f71d3f2c39c871fac4e4471955b44551.php
./bitrix/managed_cache/MYSQL/b_file/80/80f65a2ac54cb76cc5be7897ded8991d.php
./bitrix/managed_cache/MYSQL/b_file/d7/d7e3428c9ea90a87f16eee8d4dd921db.php
./bitrix/managed_cache/MYSQL/b_file/09/09a0a2f0121f6463464f807629c6f607.php
./bitrix/managed_cache/MYSQL/b_file/4d/4d7cea6d5659c6688e231c4cc1b5f1eb.php
./bitrix/managed_cache/MYSQL/b_file/d8/d8f8ce2f797be965c59dc3bac9f4c9c9.php
./bitrix/managed_cache/MYSQL/b_file/c9/c92801d9e0a1a53b064f5ae0db242e3b.php
./bitrix/managed_cache/MYSQL/b_file/ca/ca981bf0c5389a40e6a23e4e9c53e333.php
./bitrix/managed_cache/MYSQL/b_file/ca/ca18d98b89fd03cc71e1e8a299320ced.php
./bitrix/managed_cache/MYSQL/b_file/73/7352179ae57decbd89af1af78ebd6248.php
./bitrix/managed_cache/MYSQL/b_file/73/7373dd7b9305270e6f5c0204469598b8.php
./bitrix/managed_cache/MYSQL/b_file/73/7335527242f25ea1d7c306e6989186ce.php
./bitrix/managed_cache/MYSQL/b_file/c7/c7f33ff29139f5cb0a70744cd454d9c2.php
./bitrix/managed_cache/MYSQL/b_file/e5/e501ddaf0a47233f0e9e9e0981885fd0.php
./bitrix/managed_cache/MYSQL/b_file/dd/dd9640a889fccc22bcc77f1e288b3ebf.php
./bitrix/managed_cache/MYSQL/b_file/b7/b7e67b3cdd9f28d43895df6bc6171631.php
./bitrix/managed_cache/MYSQL/b_file/b7/b7669abeaed419ccfa69cd23a283a9a1.php
./bitrix/managed_cache/MYSQL/b_file/ad/ada2f72cc9e0287befae16e2a928cf19.php
./bitrix/managed_cache/MYSQL/b_file/b2/b288249cd78eea1210e686d3cc0e690f.php
./bitrix/managed_cache/MYSQL/b_file/86/861cecf4f74714d7ba79e6ed9e3d7842.php
./bitrix/managed_cache/MYSQL/b_file/f1/f1651374f4adc3c39676545ee94e745d.php
./bitrix/managed_cache/MYSQL/b_file/1b/1b65293dfbeaa88f1f5cb87773e48057.php
./bitrix/managed_cache/MYSQL/b_file/bd/bddf7a84348bcac6b2b4549387135d7f.php
./bitrix/managed_cache/MYSQL/b_file/f5/f5fc874a199eb26c45d2ce2e4bb175e7.php
./bitrix/managed_cache/MYSQL/b_file/7b/7b37ea83e3955445d3ac0a1210ad1f63.php
./bitrix/managed_cache/MYSQL/b_file/0e/0ebd191278f99286ae6992362fa8d822.php
./bitrix/managed_cache/MYSQL/b_file/00/003da1d86dfc6b4c4203904d5bb71be7.php
./bitrix/managed_cache/MYSQL/b_file/6d/6d99b129c4bcbc5e2a24fc7f21779265.php
./bitrix/managed_cache/MYSQL/b_file/6f/6f0344ce27f6307202756795c2b3cccd.php
./bitrix/managed_cache/MYSQL/b_file/12/1217559fff14b0742cb0946af9ceecbe.php
./bitrix/managed_cache/MYSQL/b_file/ea/eaa903694e7cb6fe62c2a5616c39ef31.php
./bitrix/managed_cache/MYSQL/b_file/ea/ea24242cdc2c22bce19569b989f185fa.php
./bitrix/managed_cache/MYSQL/b_file/ea/eafe4de6b216bf922a8fd5a870209b30.php
./bitrix/managed_cache/MYSQL/b_file/f9/f90e2648bb3e6b7e5e9769e43390c1a7.php
./bitrix/managed_cache/MYSQL/b_file/db/db16265168c7d4b401890c5b79169e2c.php
./bitrix/managed_cache/MYSQL/b_file/aa/aa5c0f4dcd7fba7d5de55c2e156dc5ba.php
./bitrix/managed_cache/MYSQL/b_file/18/18eb61af764baa7119b4154930150157.php
./bitrix/managed_cache/MYSQL/b_file/a3/a3a5b45371d283352a82f805aed20fbd.php
./bitrix/managed_cache/MYSQL/b_file/a3/a3135a7ed4e13504710ce480f84608b9.php
./bitrix/managed_cache/MYSQL/orm_b_iblock_property/4c/4c42449c35e346e6fb317421ddf5c299.php
./bitrix/managed_cache/MYSQL/b_user_field/5a/5a9fd76f34f60a2bca4e4679b7b0d4ac.php
./bitrix/managed_cache/MYSQL/b_user_field/82/82b025a06139a6479479da9bca55e1c6.php
./bitrix/managed_cache/MYSQL/b_user_field/8d/8dde22e05a1029b73a2de20e8e261e90.php
./bitrix/managed_cache/MYSQL/b_user_field/c3/c38a403bb7e7f1d42d6cd4bbb16a2c89.php
./bitrix/managed_cache/MYSQL/b_user_field/14/14db17cd90d3552b810d7246243c34ea.php
./bitrix/managed_cache/MYSQL/b_user_field/37/372ba8f64607dcee7e9c66b2fcfccffa.php
./bitrix/managed_cache/MYSQL/b_user_field/81/81513960ab82971e7ce79539979b038a.php
./bitrix/managed_cache/MYSQL/b_user_field/32/32fdebe30060673d80aefa50e49a86ed.php
./bitrix/managed_cache/MYSQL/b_user_field/2f/2f0a715c791f6536876a0da8bd0cae52.php
./bitrix/managed_cache/MYSQL/b_user_field/c9/c9885b5a077d5314747245495a7fbd14.php
./bitrix/managed_cache/MYSQL/b_user_field/3e/3e253b4d859aab98775fa93e64170a09.php
./bitrix/managed_cache/MYSQL/b_user_field/12/129ad4be09eebd1c904421124638d699.php
./bitrix/managed_cache/MYSQL/16/16908b0605f2645dfcb4c3a8d248cef3.php
./bitrix/managed_cache/MYSQL/28/28976769ed03dceeac01ae0d1c0e331d.php
./bitrix/cache/iblock_find/b3/b366843828aaaf782e44dff873083a5c.php
./bitrix/cache/iblock_find/8e/8e1e893f11487824be4e13b89786af24.php
./bitrix/cache/iblock_find/bc/bc582536e7900f8d7570f0c711383fb7.php
./bitrix/cache/iblock_find/2d/2d19ec1704d913d72baa0d1b0a08178f.php
./bitrix/cache/iblock_find/0f/0ff8e0ec53646e3875efcec2c214e855.php
./bitrix/cache/iblock_find/eb/eb41eb98ca9c63a525e1a9e4e43baa65.php
./bitrix/cache/iblock_find/67/678f6f8a00047bfd788b054e11917180.php
./bitrix/cache/iblock_find/93/9351e6a86e213ac29d3a69ebc32e4f57.php
./bitrix/cache/iblock_find/9a/9ababd0c37c1cfc45cb911e3ec619a28.php
./bitrix/cache/iblock_find/9b/9b5ec460fed6a2a499efd4fd79151b31.php
./bitrix/cache/iblock_find/ca/caddce322326844b34aa7e435ae5c185.php
./bitrix/cache/iblock_find/dd/dd9146211a79655ee164bc6c3daa3547.php
./bitrix/cache/iblock_find/b7/b7d30f1e923f8f934badcf5e292fe48c.php
./bitrix/cache/iblock_find/29/29591760cc8b8c9fdc68a166e1e82c17.php
./bitrix/cache/iblock_find/bf/bf5a7187253e8b2f3e909c3833d70450.php
./bitrix/cache/iblock_find/05/05241034845c8a85bd45593d7ce2e8e5.php
./bitrix/cache/iblock_find/26/26b4f815aa1d0c75f137e4add8bc1b0e.php
./bitrix/cache/iblock_find/d1/d1e401c6d61065ef25901f4d87744e96.php
./bitrix/cache/iblock_find/4f/4fbde9454c0026985a033c3c8f9ed201.php
./bitrix/cache/iblock_find/db/dbc3f5dfcba680a4c0226dab52a97567.php
./bitrix/cache/iblock_find/e8/e84b4c101e5881dca069488d129b751e.php
./bitrix/cache/iblock_find/5c/5cf017221385a8ff53d34b514a94ba87.php
./bitrix/cache/iblock_find/ff/ffe3a3bb4eaf3e03ac6701218ce7a213.php
./bitrix/cache/s1/bitrix/form.result.new
./bitrix/cache/s1/bitrix/form.result.new/e7/e70f3790389027e80f1a515f7020b117.php
./bitrix/cache/s1/bitrix/form.result.new/6a/6afe83df52d7b0d807a851f69101de64.php
./bitrix/cache/s1/bitrix/form.result.new/b1/b149690bd72951cf9880bbfef7c85ca9.php
./bitrix/cache/s1/bitrix/form.result.new/0b/0bdd9c4a3deb461e51c4334bed652b52.php
./bitrix/cache/s1/bitrix/form.result.new/5d/5d37a4eaa007847cb05253d97f7eaf0b.php
./bitrix/cache/s1/bitrix/form.result.new/c8/c83a3c4297efd8158f9410e1076685a7.php
./bitrix/cache/s1/bitrix/form.result.new/c2/c265e48615a6a2c67626ed239a30b968.php
./bitrix/cache/s1/bitrix/form.result.new/a3/a3a397cf064e68bc91ecc39c1f5529ab.php
./bitrix/cache/s1/bitrix/catalog.smart.filter
./bitrix/cache/s1/bitrix/catalog.smart.filter/59d/58/58c74e20e59b335c109b21e66b0061e9.php
./bitrix/cache/s1/bitrix/menu/345/61/61682b12ecdd96f0e437d15dded7c1e7.php
./bitrix/cache/s1/bitrix/catalog.bigdata.products
./bitrix/cache/s1/bitrix/catalog.bigdata.products/common/10/10a1e39323db3a83f37d113df707f41e.php
./bitrix/cache/s1/bitrix/news.list
./bitrix/cache/s1/bitrix/news.list/969/1f/1fe8452db1309341c485b02f90e64623.php
./bitrix/cache/s1/bitrix/news.list/969/c1/c17955c31b6480e899097efa0b8024c3.php
./bitrix/cache/s1/bitrix/news.list/969/f7/f73ed0c8634b7b492be70e163a3ae652.php
./bitrix/cache/s1/bitrix/news.list/969/e4/e4449d2f3e790eb4eb70033e420a79dd.php
./bitrix/cache/s1/bitrix/news.list/969/11/1180e557350dedd91530a5f72667b7fd.php
./bitrix/cache/s1/bitrix/news.list/969/7e/7e9d957279dc025e9a1e63af1aa89f6a.php
./bitrix/cache/s1/bitrix/news.list/59d/54/540d7ab5cef4429441fdbdc1c946330a.php
./bitrix/cache/s1/bitrix/news.list/59d/77/7748d43abfa98a0549fd60bc6802e143.php
./bitrix/cache/s1/bitrix/news.list/59d/f6/f6a754ccadfd180b9a377b26751a3863.php
./bitrix/cache/s1/bitrix/news.list/59d/6d/6d15b1545758c2c8198b41a46d79ad5f.php
./bitrix/cache/s1/bitrix/news.list/59d/ba/ba41f609a1ca5b71e117c6d37ddec44b.php
./bitrix/cache/s1/bitrix/news.list/345/f3/f3f27d2f5ff796b6dd4ca3d9316af6fe.php
./bitrix/cache/s1/bitrix/news.list/345/46/463764bccaf24f007bb66e2692db098d.php
./bitrix/cache/s1/bitrix/news.list/345/83/83c3e6b720b98303023f41cbea0f293d.php
./bitrix/cache/s1/bitrix/news.list/345/f9/f95e44f9eab620817d059ca05f1faafe.php
./bitrix/cache/s1/bitrix/news.list/345/68/68383d7f9436189a45c68fd4a49b5392.php
./bitrix/cache/s1/bitrix/news.list/06f/6a/6ac896a0a7788399750a3ae4cd6c57dc.php
./bitrix/cache/s1/bitrix/news.list/06f/71/71ca67ffd58dbbbdc40073e6ba451c51.php
./bitrix/cache/s1/bitrix/news.list/06f/17/17f8b5fdef5b2a8920ef1f8d3fc42fab.php
./bitrix/cache/s1/bitrix/news.list/06f/48/48f2a950268c4b47a8112d77e0d2506f.php
./bitrix/cache/s1/bitrix/news.list/06f/6b/6b707fbded79de16bee10c74c1f7da9f.php
./bitrix/cache/s1/bitrix/news.list/06f/78/78eba73383895eecd07c07d2bc569837.php
./bitrix/cache/s1/bitrix/news.list/06f/2e/2eab1cf76b56e8115f221a6dc0416df3.php
./bitrix/cache/s1/bitrix/news.list/06f/cb/cbacd91b8c877ff83606afd6f8d02327.php
./bitrix/cache/s1/bitrix/news.list/06f/76/76fd490163fdc59e3887a405038e6e97.php
./bitrix/cache/s1/bitrix/news.list/06f/4b/4b696368894ce80902723adb4cac0164.php
./bitrix/cache/s1/bitrix/news.list/06f/90/907a55c43f5c9ea33a5d03dd14cd1c2a.php
./bitrix/cache/s1/bitrix/news.list/06f/c6/c6d2935d024292bd2ff0bd8636918b21.php
./bitrix/cache/s1/bitrix/catalog.section/90/909289fa73c53cdda8dac22652b5b22c.php
./bitrix/cache/s1/bitrix/catalog.element
./bitrix/cache/s1/bitrix/catalog.element/59d/8e/8e73fffffb3873b5dcea183ab8cff42d.php
./bitrix/cache/s1/bitrix/catalog.element/59d/01/01e960d2f88fc54f619990c180755d20.php
./bitrix/cache/s1/bitrix/catalog.element/59d/0d/0dfaf94c0c2ba69e231d7f5dd38e4580.php
./bitrix/cache/s1/bitrix/catalog.element/59d/69/69cd8ee025fe7acb5f35394f3ca80f47.php
./bitrix/cache/s1/bitrix/catalog.element/59d/08/0875f2add359c689a384fdfc9fc0c153.php
./bitrix/cache/s1/bitrix/catalog.element/59d/15/1551a6bcd2f670e4cacb11e044e14a5e.php
./bitrix/cache/s1/bitrix/catalog.element/59d/cb/cbf51367281d97450856b343bae6c50f.php
./bitrix/cache/s1/bitrix/catalog.element/59d/7e/7e427f069efc483e988ccc0bfcf2775f.php
./bitrix/cache/s1/bitrix/catalog.element/59d/04/040b34c1d1966e2fb385b5626669678f.php
./bitrix/cache/s1/bitrix/catalog.element/59d/68/68af93176a492449f878ad7b37d20241.php
./bitrix/cache/s1/intervolga/tips.activator
./bitrix/cache/s1/intervolga/tips.activator/59d/51/5191d29e1ef0598cded682ebe2558fb3.php
./bitrix/cache/s1/intervolga/tips.activator/59d/b1/b1af89036fb8e3964e2b1cedbed8cb43.php
./bitrix/cache/s1/intervolga/tips.activator/59d/08/085ae2849c01d4686d7130a0c1a4ebe5.php
./bitrix/cache/s1/intervolga/tips.activator/59d/ac/acda8d342368debf0e2cf765a05adafd.php
./bitrix/cache/s1/intervolga/tips.activator/59d/a6/a6558d7469bab7228ca9a9a4cb37d9b4.php
./bitrix/cache/s1/intervolga/tips.activator/59d/6e/6e7c2a7bc728bbcd2d648422b7d69eeb.php
./bitrix/cache/s1/intervolga/tips.activator/59d/0c/0c30e1dff336f261eed2319142a80b57.php
./bitrix/cache/s1/intervolga/tips.activator/59d/e9/e9740fdb53d4525458eb84de9a9b5dd6.php
./bitrix/cache/s1/intervolga/tips.activator/59d/ef/eff3e84aa4866b6b2a035be150d1dd06.php
./bitrix/cache/s1/intervolga/tips.activator/59d/ec/ecb6647e72fe216f7fb8603b7fa376b0.php
./bitrix/cache/CMaxCache/iblock/CIBlockElement_GetList/aspro_max_catalog26/d0/d03ab528ed30a35bd883c681999fe113.php
./bitrix/cache/intervolga.tips/json/66398cc57010905ee33c4f7b2102ce04/61/61a56208cb5fb5de92957f0c4516edc6.php
./bitrix/cache/intervolga.tips/json/617ecdc4a036d70336a51e137ec8bd52/f8/f8ef742d74d88c965840aaabee377284.php
./bitrix/cache/intervolga.tips/json/35cd55c07359a6165d2b03b01068cd14/48/48f6109ff5d41869e767ad0808b03c1f.php
./bitrix/cache/intervolga.tips/json/526f5134658b416196fbe0d364cae779/67/670a98ebbfc74a79a8d5ca7cb5edf9bb.php
./bitrix/cache/intervolga.tips/json/b9155e86069a23e542f1936badb6b049/c4/c4174681ad83368575315e800d18df5b.php
./bitrix/cache/intervolga.tips/json/2e8068490287075869f94c0c5281b9dd/3b/3b6178a71221b86781efbbd1da5a8146.php
./bitrix/cache/intervolga.tips/json/e39c2a4434979146a3ea6c4e14f14c00/38/3854d86f0c15c32b3f07f4a502034679.php
./bitrix/cache/intervolga.tips/json/0fa406a610a40103947c5f7ac7849b6a/26/260ceb1d41c2e4a03d53845c9d355e8f.php
./bitrix/cache/intervolga.tips/json/0e80d682ebda6284289cf7aba05e538b/5d/5d75cc09dc02e3d651880520e1d898e4.php
./bitrix/cache/intervolga.tips/json/d0269c0dab2016199c01ffa18dd551a7/67/671f75086ed7d31d7306971f575a03bd.php
./bitrix/error.log
./find-mmin-1000.log
